2023-06-17 21:09:08.497 INFO: walrein
2023-06-17 21:09:13.199 INFO: surskit
2023-06-17 21:10:49.170 INFO: bunnelby
2023-06-17 21:10:49.314 INFO: mankey
2023-06-17 21:10:49.469 INFO: thwackey
2023-06-17 21:10:49.613 INFO: fearow
2023-06-17 21:10:49.780 INFO: drifblim
2023-06-17 21:10:50.982 INFO: exeggcute
2023-06-17 21:10:51.547 INFO: slowpoke
2023-06-17 21:10:51.791 INFO: entei
2023-06-17 21:10:52.025 INFO: farfetchd
2023-06-17 21:10:52.453 INFO: drakloak
2023-06-17 21:10:52.707 INFO: aerodactyl
2023-06-17 21:10:52.894 INFO: mawile
2023-06-17 21:10:53.082 INFO: golem
2023-06-17 21:10:53.321 INFO: frillish
2023-06-17 21:10:53.558 INFO: pikachu
2023-06-17 21:10:53.764 INFO: barboach
2023-06-17 21:10:54.602 INFO: naganadel
2023-06-17 21:10:54.776 INFO: hoopa
2023-06-17 21:10:54.941 INFO: sandslash
2023-06-17 21:10:55.126 INFO: espurr
2023-06-17 21:21:14.847 INFO: nidoking
2023-06-17 21:21:15.005 INFO: roserade
2023-06-17 21:21:15.158 INFO: excadrill
2023-06-17 21:21:15.329 INFO: registeel
2023-06-17 21:21:15.484 INFO: zangoose
2023-06-17 21:21:15.630 INFO: druddigon
2023-06-17 21:21:15.787 INFO: farfetchd
2023-06-17 21:21:16.211 INFO: octillery
2023-06-17 21:21:16.359 INFO: qwilfish
2023-06-17 21:21:16.510 INFO: zangoose
2023-06-17 21:21:16.658 INFO: simisage
2023-06-17 21:21:16.829 INFO: swalot
2023-06-17 21:21:17.004 INFO: fennekin
2023-06-17 21:21:17.181 INFO: dewott
2023-06-17 21:21:17.323 INFO: ducklett
2023-06-17 21:21:17.461 INFO: gallade
2023-06-17 21:21:17.619 INFO: dugtrio
2023-06-17 21:21:18.074 INFO: pikipek
2023-06-17 21:21:18.469 INFO: venipede
2023-06-17 21:21:18.902 INFO: weedle
2023-06-17 21:22:05.490 INFO: ['lurantis']
2023-06-17 21:22:05.636 INFO: ['zekrom']
2023-06-17 21:22:05.789 INFO: ['dugtrio']
2023-06-17 21:22:05.955 INFO: ['lunatone']
2023-06-17 21:22:06.091 INFO: ['walrein']
2023-06-17 21:22:06.537 INFO: ['reshiram']
2023-06-17 21:22:06.692 INFO: ['flareon']
2023-06-17 21:22:06.840 INFO: ['bouffalant']
2023-06-17 21:22:06.988 INFO: ['klang']
2023-06-17 21:22:07.144 INFO: ['toxicroak']
2023-06-17 21:22:07.312 INFO: ['salandit']
2023-06-17 21:22:07.447 INFO: ['golett']
2023-06-17 21:22:07.611 INFO: ['reshiram']
2023-06-17 21:22:07.752 INFO: ['eternatus']
2023-06-17 21:22:07.893 INFO: ['misdreavus']
2023-06-17 21:22:08.315 INFO: ['shedinja']
2023-06-17 21:22:08.479 INFO: ['zubat']
2023-06-17 21:22:08.626 INFO: ['houndoom']
2023-06-17 21:22:08.794 INFO: ['weezing']
2023-06-17 21:22:08.940 INFO: ['azelf']
2023-06-17 21:25:09.343 INFO: ['lilligant']
2023-06-17 21:25:26.090 INFO: ['prinplup', 'gorebyss', 'snubbull', 'porygon-z', 'ferroseed', 'serperior', 'yanma', 'togedemaru', 'rotom', 'araquanid', 'barraskewda', 'remoraid', 'electabuzz', 'cubchoo', 'cacturne', 'passimian', 'chimecho', 'toxel', 'ditto', 'wingull']
2023-06-17 21:25:41.785 INFO: ['rhyperior', 'rattata', 'grovyle', 'steelix', 'sinistea', 'omanyte', 'milcery', 'yamask', 'regieleki', 'larvesta', 'hippowdon', 'samurott', 'applin', 'chimecho', 'avalugg', 'popplio', 'noctowl', 'vespiquen', 'pidove', 'duosion']
2023-06-17 21:32:58.924 INFO: ['solrock', 'meowth', 'torchic', 'surskit', 'sudowoodo', 'hitmonchan', 'spinda', 'machamp', 'shinx', 'golem', 'charmander', 'grubbin', 'budew', 'sceptile', 'xurkitree', 'drednaw', 'murkrow', 'vikavolt', 'staraptor', 'krabby']
2023-06-17 21:37:22.314 INFO: magby
2023-06-17 21:37:27.320 INFO: whirlipede
2023-06-17 21:37:32.333 INFO: hatterene
2023-06-17 21:37:37.338 INFO: mienshao
2023-06-17 21:37:42.345 INFO: swanna
2023-06-17 21:37:47.355 INFO: dracovish
2023-06-17 21:37:52.361 INFO: combee
2023-06-17 21:37:57.364 INFO: slowpoke
2023-06-17 21:38:02.368 INFO: chikorita
2023-06-17 21:38:07.380 INFO: dreepy
2023-06-17 21:38:12.387 INFO: slugma
2023-06-17 21:38:17.401 INFO: baltoy
2023-06-17 21:38:22.408 INFO: bounsweet
2023-06-17 21:38:27.410 INFO: dunsparce
2023-06-17 21:38:37.571 INFO: hawlucha
2023-06-17 21:38:42.582 INFO: electrode
2023-06-17 21:38:47.595 INFO: spheal
2023-06-17 21:52:45.688 INFO: croconaw
2023-06-17 21:52:50.692 INFO: wormadam-plant
2023-06-17 21:52:55.707 INFO: skuntank
2023-06-17 21:53:00.722 INFO: copperajah
2023-06-17 21:53:05.734 INFO: jumpluff
2023-06-17 21:53:10.746 INFO: wartortle
2023-06-17 21:53:15.758 INFO: jellicent
2023-06-17 21:53:20.766 INFO: wooloo
2023-06-17 21:53:25.772 INFO: dragapult
2023-06-17 21:53:30.781 INFO: durant
2023-06-17 21:59:35.040 INFO: wishiwashi-solo
2023-06-17 21:59:35.040 INFO: bisharp
2023-06-17 21:59:35.041 INFO: gothitelle
2023-06-17 21:59:35.041 INFO: darumaka
2023-06-17 21:59:35.087 INFO: qwilfish
2023-06-17 21:59:35.088 INFO: dusclops
2023-06-17 21:59:35.088 INFO: koffing
2023-06-17 21:59:35.088 INFO: oddish
2023-06-17 21:59:35.089 INFO: sunkern
2023-06-17 21:59:35.365 INFO: arceus
2023-06-17 21:59:56.324 INFO: guzzlord
2023-06-17 21:59:56.328 INFO: victini
2023-06-17 21:59:56.332 INFO: druddigon
2023-06-17 21:59:56.334 INFO: dodrio
2023-06-17 21:59:56.336 INFO: talonflame
2023-06-17 21:59:56.345 INFO: quilava
2023-06-17 21:59:56.346 INFO: clawitzer
2023-06-17 21:59:56.583 INFO: turtwig
2023-06-17 21:59:56.592 INFO: incineroar
2023-06-17 21:59:56.614 INFO: buzzwole
2023-06-17 22:02:06.732 INFO: rhydon
2023-06-17 22:02:06.734 INFO: meloetta-aria
2023-06-17 22:02:06.744 INFO: reshiram
2023-06-17 22:02:06.775 INFO: froakie
2023-06-17 22:02:07.006 INFO: swinub
2023-06-17 22:03:39.873 INFO: solgaleo
2023-06-17 22:03:40.851 INFO: reshiram
2023-06-17 22:03:41.835 INFO: chinchou
2023-06-17 22:03:42.835 INFO: scrafty
2023-06-17 22:03:43.853 INFO: litleo
2024-05-01 09:49:16.818 INFO: hoppip
2024-05-01 09:49:18.758 INFO: minccino
2024-05-01 09:49:19.731 INFO: ursaring
2024-05-01 09:49:20.734 INFO: haxorus
2024-05-01 09:49:20.744 INFO: larvitar
2024-05-01 09:49:23.173 INFO: frogadier
2024-05-01 09:49:23.372 INFO: graveler
2024-05-01 09:49:24.105 INFO: shinx
2024-05-01 09:49:26.131 INFO: torracat
2024-05-01 09:49:26.200 INFO: mimikyu-disguised
2024-05-01 09:49:27.478 INFO: slowpoke
2024-05-01 09:49:28.464 INFO: ekans
2024-05-01 09:49:30.470 INFO: parasect
2024-05-01 09:49:30.562 INFO: ekans
2024-05-01 09:49:32.507 INFO: rattata
2024-05-01 09:49:32.876 INFO: seaking
2024-05-01 09:49:34.129 INFO: venonat
2024-05-01 09:49:34.877 INFO: weedle
2024-05-01 09:49:35.893 INFO: gastly
2024-05-01 09:49:36.903 INFO: abra
2024-05-01 09:49:39.223 INFO: ekans
2024-05-01 09:49:39.276 INFO: kabutops
2024-05-01 09:49:41.709 INFO: koffing
2024-05-01 09:49:42.683 INFO: pinsir
2024-05-01 09:49:44.699 INFO: ekans
2024-05-01 09:49:44.800 INFO: grimer
2024-05-01 09:49:45.712 INFO: slowpoke
