2023-05-01 22:14:21,963:DEBUG:Sending a request - url: https://www.slack.com/api/chat.postMessage, query_params: {}, body_params: {}, files: {}, json_body: {'channel': '#deribit_eth_algo_taker_status', 'text': '2023-05-01 22:14:21.963485 taker trading algo running.                    current_perp_delta = 0                     expected_perp_delta = 0                    hedging_threshold = 1'}, headers: {'Content-Type': 'application/json;charset=utf-8', 'Authorization': '(redacted)', 'User-Agent': 'Python/3.9.13 slackclient/3.19.5 Windows/10'}
2023-05-01 22:14:23,424:DEBUG:Received the following response - status: 200, headers: {'date': 'Mon, 01 May 2023 14:14:23 GMT', 'server': 'Apache', 'vary': 'Accept-Encoding', 'x-slack-req-id': '8ceabe4e2fe3af8131d0a7d1fad0a9f9', 'x-content-type-options': 'nosniff', 'x-xss-protection': '0', 'pragma': 'no-cache', 'cache-control': 'private, no-cache, no-store, must-revalidate', 'expires': 'Sat, 26 Jul 1997 05:00:00 GMT', 'content-type': 'application/json; charset=utf-8', 'x-accepted-oauth-scopes': 'chat:write', 'x-oauth-scopes': 'chat:write', 'access-control-expose-headers': 'x-slack-req-id, retry-after', 'access-control-allow-headers': 'slack-route, x-slack-version-ts, x-b3-traceid, x-b3-spanid, x-b3-parentspanid, x-b3-sampled, x-b3-flags', 'strict-transport-security': 'max-age=31536000; includeSubDomains; preload', 'x-slack-unique-id': 'ZE_JP0zCqz56CUypkqdWVAAAADA', 'x-slack-backend': 'r', 'referrer-policy': 'no-referrer', 'access-control-allow-origin': '*', 'x-powered-by': 'HHVM/4.153.1-slack-bionic-blessed-build-565', 'content-length': '1093', 'via': '1.1 slack-prod.tinyspeck.com, envoy-www-iad-ajtv, envoy-edge-bom-bfhg', 'x-envoy-upstream-service-time': '262', 'x-backend': 'main_normal main_canary_with_overflow main_control_with_overflow', 'x-server': 'slack-www-hhvm-main-iad-nyxx', 'x-slack-shared-secret-outcome': 'no-match', 'x-edge-backend': 'envoy-www', 'x-slack-edge-shared-secret-outcome': 'no-match', 'connection': 'close'}, body: {"ok":true,"channel":"C051KJ7PLNM","ts":"1682950463.723549","message":{"bot_id":"B0293B1V7L2","type":"message","text":"2023-05-01 22:14:21.963485 taker trading algo running.                    current_perp_delta = 0                     expected_perp_delta = 0                    hedging_threshold = 1","user":"U0293H1V5J7","ts":"1682950463.723549","app_id":"A0290ADJNJH","blocks":[{"type":"rich_text","block_id":"pvF5","elements":[{"type":"rich_text_section","elements":[{"type":"text","text":"2023-05-01 22:14:21.963485 taker trading algo running.                    current_perp_delta = 0                     expected_perp_delta = 0                    hedging_threshold = 1"}]}]}],"team":"T021YEYSPMZ","bot_profile":{"id":"B0293B1V7L2","app_id":"A0290ADJNJH","name":"ed_personal","icons":{"image_36":"https:\/\/a.slack-edge.com\/80588\/img\/plugins\/app\/bot_36.png","image_48":"https:\/\/a.slack-edge.com\/80588\/img\/plugins\/app\/bot_48.png","image_72":"https:\/\/a.slack-edge.com\/80588\/img\/plugins\/app\/service_72.png"},"deleted":false,"updated":1627179872,"team_id":"T021YEYSPMZ"}}}
2023-05-01 22:18:11,691:INFO:[1875, 1925]
2023-05-01 22:18:11,691:INFO:[1775, 1825]
2023-05-01 22:18:11,691:DEBUG:Sending a request - url: https://www.slack.com/api/chat.postMessage, query_params: {}, body_params: {}, files: {}, json_body: {'channel': '#deribit_eth_algo_taker_status', 'text': '2023-05-01 22:18:11.691167 taker trading algo running.                    current_perp_delta = 0                     expected_perp_delta = 0                    hedging_threshold = 1'}, headers: {'Content-Type': 'application/json;charset=utf-8', 'Authorization': '(redacted)', 'User-Agent': 'Python/3.9.13 slackclient/3.19.5 Windows/10'}
2023-05-01 22:18:12,292:DEBUG:Received the following response - status: 200, headers: {'date': 'Mon, 01 May 2023 14:18:12 GMT', 'server': 'Apache', 'vary': 'Accept-Encoding', 'x-slack-req-id': '2ef4fc3dcaf1e2b78c6cf0388086e524', 'x-content-type-options': 'nosniff', 'x-xss-protection': '0', 'pragma': 'no-cache', 'cache-control': 'private, no-cache, no-store, must-revalidate', 'expires': 'Sat, 26 Jul 1997 05:00:00 GMT', 'content-type': 'application/json; charset=utf-8', 'x-accepted-oauth-scopes': 'chat:write', 'x-oauth-scopes': 'chat:write', 'access-control-expose-headers': 'x-slack-req-id, retry-after', 'access-control-allow-headers': 'slack-route, x-slack-version-ts, x-b3-traceid, x-b3-spanid, x-b3-parentspanid, x-b3-sampled, x-b3-flags', 'strict-transport-security': 'max-age=31536000; includeSubDomains; preload', 'x-slack-unique-id': 'ZE_KJC9Gv14ZrU45hRs4JQAAABI', 'x-slack-backend': 'r', 'referrer-policy': 'no-referrer', 'access-control-allow-origin': '*', 'x-powered-by': 'HHVM/4.153.1-slack-bionic-blessed-build-565', 'content-length': '1092', 'via': '1.1 slack-prod.tinyspeck.com, envoy-www-iad-xpnr, envoy-edge-syd-ueph', 'x-envoy-upstream-service-time': '284', 'x-backend': 'main_normal main_canary_with_overflow main_control_with_overflow', 'x-server': 'slack-www-hhvm-main-iad-bsov', 'x-slack-shared-secret-outcome': 'no-match', 'x-edge-backend': 'envoy-www', 'x-slack-edge-shared-secret-outcome': 'no-match', 'connection': 'close'}, body: {"ok":true,"channel":"C051KJ7PLNM","ts":"1682950692.574259","message":{"bot_id":"B0293B1V7L2","type":"message","text":"2023-05-01 22:18:11.691167 taker trading algo running.                    current_perp_delta = 0                     expected_perp_delta = 0                    hedging_threshold = 1","user":"U0293H1V5J7","ts":"1682950692.574259","app_id":"A0290ADJNJH","blocks":[{"type":"rich_text","block_id":"3wV","elements":[{"type":"rich_text_section","elements":[{"type":"text","text":"2023-05-01 22:18:11.691167 taker trading algo running.                    current_perp_delta = 0                     expected_perp_delta = 0                    hedging_threshold = 1"}]}]}],"team":"T021YEYSPMZ","bot_profile":{"id":"B0293B1V7L2","app_id":"A0290ADJNJH","name":"ed_personal","icons":{"image_36":"https:\/\/a.slack-edge.com\/80588\/img\/plugins\/app\/bot_36.png","image_48":"https:\/\/a.slack-edge.com\/80588\/img\/plugins\/app\/bot_48.png","image_72":"https:\/\/a.slack-edge.com\/80588\/img\/plugins\/app\/service_72.png"},"deleted":false,"updated":1627179872,"team_id":"T021YEYSPMZ"}}}
2023-05-01 22:18:13,310:INFO:[1875, 1925]
2023-05-01 22:18:13,310:INFO:[1775, 1825]
2023-05-01 22:18:14,319:INFO:[1875, 1925]
2023-05-01 22:18:14,319:INFO:[1775, 1825]
2023-05-01 22:18:15,328:INFO:[1875, 1925]
2023-05-01 22:18:15,328:INFO:[1775, 1825]
2023-05-01 22:18:16,339:INFO:[1875, 1925]
2023-05-01 22:18:16,339:INFO:[1775, 1825]
2023-05-01 22:18:17,352:INFO:[1875, 1925]
2023-05-01 22:18:17,352:INFO:[1775, 1825]
2023-05-01 22:18:18,369:INFO:[1875, 1925]
2023-05-01 22:18:18,369:INFO:[1775, 1825]
2023-05-01 22:18:19,386:INFO:[1875, 1925]
2023-05-01 22:18:19,387:INFO:[1775, 1825]
2023-05-01 22:18:20,511:INFO:[1875, 1925]
2023-05-01 22:18:20,511:INFO:[1775, 1825]
2023-05-01 22:18:21,525:INFO:[1875, 1925]
2023-05-01 22:18:21,525:INFO:[1775, 1825]
2023-05-01 22:18:22,543:INFO:[1875, 1925]
2023-05-01 22:18:22,543:INFO:[1775, 1825]
2023-05-01 22:18:23,605:INFO:[1875, 1925]
2023-05-01 22:18:23,605:INFO:[1775, 1825]
2023-05-01 22:18:24,748:INFO:[1875, 1925]
2023-05-01 22:18:24,748:INFO:[1775, 1825]
2023-05-01 22:18:25,940:INFO:[1875, 1925]
2023-05-01 22:18:25,940:INFO:[1775, 1825]
2023-05-01 22:18:27,037:INFO:[1875, 1925]
2023-05-01 22:18:27,037:INFO:[1775, 1825]
2023-05-01 22:18:28,164:INFO:[1875, 1925]
2023-05-01 22:18:28,164:INFO:[1775, 1825]
2023-05-01 22:18:29,193:INFO:[1875, 1925]
2023-05-01 22:18:29,193:INFO:[1775, 1825]
2023-05-01 22:18:30,212:INFO:[1875, 1925]
2023-05-01 22:18:30,212:INFO:[1775, 1825]
2023-05-01 22:18:31,219:INFO:[1875, 1925]
2023-05-01 22:18:31,219:INFO:[1775, 1825]
2023-05-01 22:18:32,230:INFO:[1875, 1925]
2023-05-01 22:18:32,231:INFO:[1775, 1825]
2023-05-01 22:18:33,244:INFO:[1875, 1925]
2023-05-01 22:18:33,245:INFO:[1775, 1825]
2023-05-01 22:18:34,253:INFO:[1875, 1925]
2023-05-01 22:18:34,253:INFO:[1775, 1825]
2023-05-01 22:18:35,296:INFO:[1875, 1925]
2023-05-01 22:18:35,296:INFO:[1775, 1825]
2023-05-01 22:18:36,319:INFO:[1875, 1925]
2023-05-01 22:18:36,319:INFO:[1775, 1825]
2023-05-01 22:18:37,334:INFO:[1875, 1925]
2023-05-01 22:18:37,335:INFO:[1775, 1825]
2023-05-01 22:19:17,972:INFO:call strike interval = [1875, 1925]
2023-05-01 22:19:17,972:INFO:put strike interval = [1775, 1825]
2023-05-01 22:19:17,972:DEBUG:Sending a request - url: https://www.slack.com/api/chat.postMessage, query_params: {}, body_params: {}, files: {}, json_body: {'channel': '#deribit_eth_algo_taker_status', 'text': '2023-05-01 22:19:17.972612 taker trading algo running.                    current_perp_delta = 0                     expected_perp_delta = 0                    hedging_threshold = 1'}, headers: {'Content-Type': 'application/json;charset=utf-8', 'Authorization': '(redacted)', 'User-Agent': 'Python/3.9.13 slackclient/3.19.5 Windows/10'}
2023-05-01 22:19:18,562:DEBUG:Received the following response - status: 200, headers: {'date': 'Mon, 01 May 2023 14:19:18 GMT', 'server': 'Apache', 'vary': 'Accept-Encoding', 'x-slack-req-id': '885583b1c30abd88299595d5f2465742', 'x-content-type-options': 'nosniff', 'x-xss-protection': '0', 'pragma': 'no-cache', 'cache-control': 'private, no-cache, no-store, must-revalidate', 'expires': 'Sat, 26 Jul 1997 05:00:00 GMT', 'content-type': 'application/json; charset=utf-8', 'x-accepted-oauth-scopes': 'chat:write', 'x-oauth-scopes': 'chat:write', 'access-control-expose-headers': 'x-slack-req-id, retry-after', 'access-control-allow-headers': 'slack-route, x-slack-version-ts, x-b3-traceid, x-b3-spanid, x-b3-parentspanid, x-b3-sampled, x-b3-flags', 'strict-transport-security': 'max-age=31536000; includeSubDomains; preload', 'x-slack-unique-id': 'ZE_KZpa0rLRZsH8nTVZAbgAAECM', 'x-slack-backend': 'r', 'referrer-policy': 'no-referrer', 'access-control-allow-origin': '*', 'x-powered-by': 'HHVM/4.153.1-slack-bionic-blessed-build-565', 'content-length': '1093', 'via': '1.1 slack-prod.tinyspeck.com, envoy-www-iad-gmzk, envoy-edge-syd-lglp', 'x-envoy-upstream-service-time': '260', 'x-backend': 'main_normal main_canary_with_overflow main_control_with_overflow', 'x-server': 'slack-www-hhvm-main-iad-yqev', 'x-slack-shared-secret-outcome': 'no-match', 'x-edge-backend': 'envoy-www', 'x-slack-edge-shared-secret-outcome': 'no-match', 'connection': 'close'}, body: {"ok":true,"channel":"C051KJ7PLNM","ts":"1682950758.845349","message":{"bot_id":"B0293B1V7L2","type":"message","text":"2023-05-01 22:19:17.972612 taker trading algo running.                    current_perp_delta = 0                     expected_perp_delta = 0                    hedging_threshold = 1","user":"U0293H1V5J7","ts":"1682950758.845349","app_id":"A0290ADJNJH","blocks":[{"type":"rich_text","block_id":"ljRw","elements":[{"type":"rich_text_section","elements":[{"type":"text","text":"2023-05-01 22:19:17.972612 taker trading algo running.                    current_perp_delta = 0                     expected_perp_delta = 0                    hedging_threshold = 1"}]}]}],"team":"T021YEYSPMZ","bot_profile":{"id":"B0293B1V7L2","app_id":"A0290ADJNJH","name":"ed_personal","icons":{"image_36":"https:\/\/a.slack-edge.com\/80588\/img\/plugins\/app\/bot_36.png","image_48":"https:\/\/a.slack-edge.com\/80588\/img\/plugins\/app\/bot_48.png","image_72":"https:\/\/a.slack-edge.com\/80588\/img\/plugins\/app\/service_72.png"},"deleted":false,"updated":1627179872,"team_id":"T021YEYSPMZ"}}}
2023-05-01 22:19:19,578:INFO:call strike interval = [1875, 1925]
2023-05-01 22:19:19,578:INFO:put strike interval = [1775, 1825]
2023-05-01 22:19:20,588:INFO:call strike interval = [1875, 1925]
2023-05-01 22:19:20,588:INFO:put strike interval = [1775, 1825]
2023-05-01 22:19:21,599:INFO:call strike interval = [1875, 1925]
2023-05-01 22:19:21,599:INFO:put strike interval = [1775, 1825]
2023-05-01 22:19:22,617:INFO:call strike interval = [1875, 1925]
2023-05-01 22:19:22,617:INFO:put strike interval = [1775, 1825]
2023-05-01 22:19:23,638:INFO:call strike interval = [1875, 1925]
2023-05-01 22:19:23,638:INFO:put strike interval = [1775, 1825]
2023-05-01 22:19:24,647:INFO:call strike interval = [1875, 1925]
2023-05-01 22:19:24,647:INFO:put strike interval = [1775, 1825]
2023-05-01 22:19:25,665:INFO:call strike interval = [1875, 1925]
2023-05-01 22:19:25,665:INFO:put strike interval = [1775, 1825]
2023-05-01 22:19:26,673:INFO:call strike interval = [1875, 1925]
2023-05-01 22:19:26,673:INFO:put strike interval = [1775, 1825]
2023-05-01 22:19:27,694:INFO:call strike interval = [1875, 1925]
2023-05-01 22:19:27,694:INFO:put strike interval = [1775, 1825]
2023-05-01 22:19:28,708:INFO:call strike interval = [1875, 1925]
2023-05-01 22:19:28,708:INFO:put strike interval = [1775, 1825]
2023-05-01 22:19:29,733:INFO:call strike interval = [1875, 1925]
2023-05-01 22:19:29,733:INFO:put strike interval = [1775, 1825]
2023-05-01 22:19:30,756:INFO:call strike interval = [1875, 1925]
2023-05-01 22:19:30,756:INFO:put strike interval = [1775, 1825]
2023-05-01 22:19:31,766:INFO:call strike interval = [1875, 1925]
2023-05-01 22:19:31,766:INFO:put strike interval = [1775, 1825]
2023-05-01 22:19:32,780:INFO:call strike interval = [1875, 1925]
2023-05-01 22:19:32,780:INFO:put strike interval = [1775, 1825]
2023-05-01 22:19:33,800:INFO:call strike interval = [1875, 1925]
2023-05-01 22:19:33,800:INFO:put strike interval = [1775, 1825]
2023-05-01 22:19:34,822:INFO:call strike interval = [1875, 1925]
2023-05-01 22:19:34,822:INFO:put strike interval = [1775, 1825]
2023-05-01 22:19:35,830:INFO:call strike interval = [1875, 1925]
2023-05-01 22:19:35,830:INFO:put strike interval = [1775, 1825]
2023-05-01 22:19:36,850:INFO:call strike interval = [1875, 1925]
2023-05-01 22:19:36,851:INFO:put strike interval = [1775, 1825]
2023-05-01 22:19:37,867:INFO:call strike interval = [1875, 1925]
2023-05-01 22:19:37,867:INFO:put strike interval = [1775, 1825]
2023-05-01 22:19:38,888:INFO:call strike interval = [1875, 1925]
2023-05-01 22:19:38,889:INFO:put strike interval = [1775, 1825]
2023-05-01 22:19:39,902:INFO:call strike interval = [1875, 1925]
2023-05-01 22:19:39,902:INFO:put strike interval = [1775, 1825]
